<?xml version="1.0" encoding="utf-8"?><testsuites name="pytest tests"><testsuite name="pytest" errors="0" failures="0" skipped="0" tests="22" time="7.164" timestamp="2026-07-05T10:04:45.188703+00:00" hostname="agent-env-2050c936-eecf-4945-b823-6e1b4b5669d8"><testcase classname="backend.tests.test_pawfind_api" name="test_root" time="0.297" /><testcase classname="backend.tests.test_pawfind_api.TestNearbySchema" name="test_shape_and_open_now_derived" time="0.404" /><testcase classname="backend.tests.test_pawfind_api.TestNearbySchema" name="test_open_now_boolean_ratio" time="0.439" /><testcase classname="backend.tests.test_pawfind_api.TestCategoryFiltering" name="test_single_category[groomer]" time="0.390" /><testcase classname="backend.tests.test_pawfind_api.TestCategoryFiltering" name="test_single_category[groomerShop]" time="0.405" /><testcase classname="backend.tests.test_pawfind_api.TestCategoryFiltering" name="test_single_category[vet]" time="0.387" /><testcase classname="backend.tests.test_pawfind_api.TestCategoryFiltering" name="test_single_category[pharmacy]" time="0.382" /><testcase classname="backend.tests.test_pawfind_api.TestCategoryFiltering" name="test_single_category[all]" time="0.049" /><testcase classname="backend.tests.test_pawfind_api.TestCategoryFiltering" name="test_multi_select_shop_groomer" time="0.352" /><testcase classname="backend.tests.test_pawfind_api.TestCategoryFiltering" name="test_invalid_category_returns_400" time="0.043" /><testcase classname="backend.tests.test_pawfind_api.TestPagination" name="test_next_page_token" time="0.881" /><testcase classname="backend.tests.test_pawfind_api.TestCaching" name="test_nearby_second_call_is_cache_hit" time="0.470" /><testcase classname="backend.tests.test_pawfind_api.TestCaching" name="test_metrics_payload_shape" time="0.041" /><testcase classname="backend.tests.test_pawfind_api.TestAutocomplete" name="test_autocomplete_shape_and_cache" time="0.360" /><testcase classname="backend.tests.test_pawfind_api.TestGeocode" name="test_geocode_athens" time="0.187" /><testcase classname="backend.tests.test_pawfind_api.TestDetailsAndPhoto" name="test_pick_place_from_nearby" time="0.386" /><testcase classname="backend.tests.test_pawfind_api.TestDetailsAndPhoto" name="test_details_shape_and_cache_hit" time="0.351" /><testcase classname="backend.tests.test_pawfind_api.TestDetailsAndPhoto" name="test_photo_bytes_and_cache" time="0.432" /><testcase classname="backend.tests.test_pawfind_api.TestAuthGuards" name="test_favorites_get_requires_auth" time="0.043" /><testcase classname="backend.tests.test_pawfind_api.TestAuthGuards" name="test_favorites_post_requires_auth" time="0.041" /><testcase classname="backend.tests.test_pawfind_api.TestAuthGuards" name="test_favorites_get_invalid_token" time="0.043" /><testcase classname="backend.tests.test_pawfind_api" name="test_api_cache_collection_has_docs" time="0.535" /></testsuite></testsuites>