<?xml version="1.0" encoding="utf-8"?><testsuites name="pytest tests"><testsuite name="pytest" errors="0" failures="0" skipped="0" tests="18" time="1.270" timestamp="2026-06-30T06:23:09.630538+00:00" hostname="agent-env-2050c936-eecf-4945-b823-6e1b4b5669d8"><testcase classname="backend.tests.test_pawfind_api" name="test_root" time="0.177" /><testcase classname="backend.tests.test_pawfind_api.TestPlacesNearby" name="test_nearby_all" time="0.043" /><testcase classname="backend.tests.test_pawfind_api.TestPlacesNearby" name="test_nearby_shop" time="0.041" /><testcase classname="backend.tests.test_pawfind_api.TestPlacesNearby" name="test_nearby_groomer" time="0.081" /><testcase classname="backend.tests.test_pawfind_api.TestPlacesNearby" name="test_nearby_invalid_category" time="0.042" /><testcase classname="backend.tests.test_pawfind_api.TestPlaceDetails" name="test_seed_1_details" time="0.081" /><testcase classname="backend.tests.test_pawfind_api.TestPlaceDetails" name="test_unknown_seed" time="0.040" /><testcase classname="backend.tests.test_pawfind_api.TestPlaceDetails" name="test_non_seed_no_key" time="0.041" /><testcase classname="backend.tests.test_pawfind_api.TestReviews" name="test_get_reviews_initial" time="0.043" /><testcase classname="backend.tests.test_pawfind_api.TestReviews" name="test_post_review_requires_auth" time="0.043" /><testcase classname="backend.tests.test_pawfind_api.TestReviews" name="test_post_review_invalid_token" time="0.041" /><testcase classname="backend.tests.test_pawfind_api.TestAuthGuards" name="test_me_no_auth" time="0.040" /><testcase classname="backend.tests.test_pawfind_api.TestAuthGuards" name="test_me_invalid_bearer" time="0.040" /><testcase classname="backend.tests.test_pawfind_api.TestAuthGuards" name="test_me_malformed_header" time="0.080" /><testcase classname="backend.tests.test_pawfind_api.TestAuthGuards" name="test_favorites_get_no_auth" time="0.041" /><testcase classname="backend.tests.test_pawfind_api.TestAuthGuards" name="test_favorites_post_no_auth" time="0.081" /><testcase classname="backend.tests.test_pawfind_api.TestAuthGuards" name="test_session_invalid_id" time="0.202" /><testcase classname="backend.tests.test_pawfind_api.TestAuthGuards" name="test_logout_no_auth_is_ok" time="0.038" /></testsuite></testsuites>